2024-01-10 17:09:29,933 - INFO - Versión de Python en uso: 3.12.1 (tags/v3.12.1:2305ca5, Dec  7 2023, 22:03:25) [MSC v.1937 64 bit (AMD64)]
2024-01-10 17:09:32,926 - INFO - El contenido del archivo 'C:\AppServ\www\AnalizadorDeProyecto\listado_AnalizadorDeProyecto.txt' ha sido copiado al portapapeles.
2024-01-10 17:13:24,930 - INFO - Versión de Python en uso: 3.12.1 (tags/v3.12.1:2305ca5, Dec  7 2023, 22:03:25) [MSC v.1937 64 bit (AMD64)]
2024-01-10 17:13:24,934 - INFO - Librería 'pyperclip' está instalada (versión 1.8.2).
2024-01-10 17:13:24,940 - INFO - Librería 'datetime' está instalada (versión 5.4).
2024-01-10 17:13:24,943 - INFO - Librería 'importlib' está instalada (versión 1.0.4).
2024-01-10 17:13:27,321 - INFO - El contenido del archivo 'C:\AppServ\www\AnalizadorDeProyecto\listado_AnalizadorDeProyecto.txt' ha sido copiado al portapapeles.
2024-01-10 17:21:08,562 - INFO - Versión de Python en uso: 3.12.1 (tags/v3.12.1:2305ca5, Dec  7 2023, 22:03:25) [MSC v.1937 64 bit (AMD64)]
2024-01-10 17:21:08,565 - INFO - Librería 'pyperclip' está instalada (versión 1.8.2).
2024-01-10 17:21:08,572 - INFO - Librería 'datetime' está instalada (versión 5.4).
2024-01-10 17:21:08,575 - INFO - Librería 'importlib' está instalada (versión 1.0.4).
2024-01-10 17:21:11,256 - INFO - El contenido del archivo 'C:\AppServ\www\AnalizadorDeProyecto\listado_AnalizadorDeProyecto.txt' ha sido copiado al portapapeles.
2024-01-10 17:49:48,554 - INFO - Versión de Python en uso: 3.12.1 (tags/v3.12.1:2305ca5, Dec  7 2023, 22:03:25) [MSC v.1937 64 bit (AMD64)]
2024-01-10 17:49:48,558 - INFO - Librería 'pyperclip' está instalada (versión 1.8.2).
2024-01-10 17:49:48,565 - INFO - Librería 'datetime' está instalada (versión 5.4).
2024-01-10 17:49:48,567 - INFO - Librería 'importlib' está instalada (versión 1.0.4).
2024-01-10 17:49:51,125 - INFO - El contenido del archivo 'C:\AppServ\www\AnalizadorDeProyecto\listado_AnalizadorDeProyecto.txt' ha sido copiado al portapapeles.
2024-01-10 18:36:08,073 - INFO - Versión de Python en uso: 3.12.1 (tags/v3.12.1:2305ca5, Dec  7 2023, 22:03:25) [MSC v.1937 64 bit (AMD64)]
2024-01-10 18:36:08,080 - INFO - Librería 'pyperclip' está instalada (versión 1.8.2).
2024-01-10 18:36:08,087 - INFO - Librería 'datetime' está instalada (versión 5.4).
2024-01-10 18:36:08,089 - INFO - Librería 'importlib' está instalada (versión 1.0.4).
2024-01-10 18:36:10,681 - INFO - El contenido del archivo 'C:\AppServ\www\AnalizadorDeProyecto\listado_AnalizadorDeProyecto.txt' ha sido copiado al portapapeles.
2024-01-10 18:39:23,834 - INFO - Versión de Python en uso: 3.12.1 (tags/v3.12.1:2305ca5, Dec  7 2023, 22:03:25) [MSC v.1937 64 bit (AMD64)]
2024-01-10 18:39:23,838 - INFO - Librería 'pyperclip' está instalada (versión 1.8.2).
2024-01-10 18:39:23,845 - INFO - Librería 'datetime' está instalada (versión 5.4).
2024-01-10 18:39:23,847 - INFO - Librería 'importlib' está instalada (versión 1.0.4).
2024-01-10 18:39:27,875 - INFO - El contenido del archivo 'C:\AppServ\www\AnalizadorDeProyecto\listado_AnalizadorDeProyecto.txt' ha sido copiado al portapapeles.
