2024-01-11 17:16:49,120 - INFO - utilidades_sistema: Limpiando pantalla.
2024-01-11 17:16:49,139 - INFO - utilidades_sistema: Obteniendo versión de Python.
2024-01-11 17:16:49,143 - INFO - main: Versión de Python en uso: 3.12.1 (tags/v3.12.1:2305ca5, Dec  7 2023, 22:03:25) [MSC v.1937 64 bit (AMD64)]
2024-01-11 17:16:49,148 - INFO - interfaz_usuario: Inicio de la selección del modo de operación.
2024-01-11 17:17:00,229 - INFO - interfaz_usuario: Modo seleccionado: Implementar mejoras en la programación.
2024-01-11 17:17:00,233 - INFO - manipulacion_archivos: Iniciando listado de archivos en la ruta: C:\AppServ\www\AnalizadorDeProyecto
2024-01-11 17:17:00,273 - INFO - manipulacion_archivos: Listado de archivos completo. Total de archivos encontrados: 13
2024-01-11 17:17:00,278 - DEBUG - gestion_archivos: Archivo 'prompt_mejora.txt' leído exitosamente.
2024-01-11 17:17:00,281 - INFO - salida_datos: Archivo de salida generado: C:\AppServ\www\AnalizadorDeProyecto\listado_2024-01-11_17-17-00.txt
2024-01-11 17:17:00,296 - DEBUG - gestion_archivos: Archivo 'C:\AppServ\www\AnalizadorDeProyecto\listado_2024-01-11_17-17-00.txt' leído exitosamente.
2024-01-11 17:17:00,310 - INFO - gestion_archivos: El contenido del archivo 'C:\AppServ\www\AnalizadorDeProyecto\listado_2024-01-11_17-17-00.txt' ha sido copiado al portapapeles.
2024-01-11 17:17:00,315 - WARNING - main: No se generó ningún archivo.
2024-01-11 17:17:00,320 - INFO - manipulacion_archivos: Iniciando listado de archivos en la ruta: C:\AppServ\www\AnalizadorDeProyecto
2024-01-11 17:17:00,361 - INFO - manipulacion_archivos: Listado de archivos completo. Total de archivos encontrados: 14
2024-01-11 17:17:00,365 - DEBUG - gestion_archivos: Archivo 'prompt_mejora.txt' leído exitosamente.
2024-01-11 17:17:00,367 - INFO - salida_datos: Archivo de salida generado: C:\AppServ\www\AnalizadorDeProyecto\listado_2024-01-11_17-17-00.txt
2024-01-11 17:17:00,381 - DEBUG - gestion_archivos: Archivo 'C:\AppServ\www\AnalizadorDeProyecto\listado_2024-01-11_17-17-00.txt' leído exitosamente.
2024-01-11 17:17:00,391 - INFO - gestion_archivos: El contenido del archivo 'C:\AppServ\www\AnalizadorDeProyecto\listado_2024-01-11_17-17-00.txt' ha sido copiado al portapapeles.
2024-01-11 17:17:00,396 - WARNING - main: No se generó ningún archivo.
2024-01-11 17:17:00,401 - INFO - manipulacion_archivos: Iniciando listado de archivos en la ruta: C:\AppServ\www\AnalizadorDeProyecto
2024-01-11 17:17:00,442 - INFO - manipulacion_archivos: Listado de archivos completo. Total de archivos encontrados: 14
2024-01-11 17:17:00,447 - DEBUG - gestion_archivos: Archivo 'prompt_mejora.txt' leído exitosamente.
2024-01-11 17:17:00,449 - INFO - salida_datos: Archivo de salida generado: C:\AppServ\www\AnalizadorDeProyecto\listado_2024-01-11_17-17-00.txt
2024-01-11 17:17:00,454 - DEBUG - gestion_archivos: Archivo 'C:\AppServ\www\AnalizadorDeProyecto\listado_2024-01-11_17-17-00.txt' leído exitosamente.
2024-01-11 17:17:00,465 - INFO - gestion_archivos: El contenido del archivo 'C:\AppServ\www\AnalizadorDeProyecto\listado_2024-01-11_17-17-00.txt' ha sido copiado al portapapeles.
2024-01-11 17:17:00,473 - WARNING - main: No se generó ningún archivo.
2024-01-11 17:17:00,480 - INFO - manipulacion_archivos: Iniciando listado de archivos en la ruta: C:\AppServ\www\AnalizadorDeProyecto
2024-01-11 17:17:00,519 - INFO - manipulacion_archivos: Listado de archivos completo. Total de archivos encontrados: 14
2024-01-11 17:17:00,525 - DEBUG - gestion_archivos: Archivo 'prompt_mejora.txt' leído exitosamente.
2024-01-11 17:17:00,529 - INFO - salida_datos: Archivo de salida generado: C:\AppServ\www\AnalizadorDeProyecto\listado_2024-01-11_17-17-00.txt
2024-01-11 17:17:00,533 - DEBUG - gestion_archivos: Archivo 'C:\AppServ\www\AnalizadorDeProyecto\listado_2024-01-11_17-17-00.txt' leído exitosamente.
2024-01-11 17:17:00,542 - INFO - gestion_archivos: El contenido del archivo 'C:\AppServ\www\AnalizadorDeProyecto\listado_2024-01-11_17-17-00.txt' ha sido copiado al portapapeles.
2024-01-11 17:17:00,548 - WARNING - main: No se generó ningún archivo.
2024-01-11 17:17:00,556 - INFO - manipulacion_archivos: Iniciando listado de archivos en la ruta: C:\AppServ\www\AnalizadorDeProyecto
2024-01-11 17:17:00,595 - INFO - manipulacion_archivos: Listado de archivos completo. Total de archivos encontrados: 14
2024-01-11 17:17:00,600 - DEBUG - gestion_archivos: Archivo 'prompt_mejora.txt' leído exitosamente.
2024-01-11 17:17:00,602 - INFO - salida_datos: Archivo de salida generado: C:\AppServ\www\AnalizadorDeProyecto\listado_2024-01-11_17-17-00.txt
2024-01-11 17:17:00,609 - DEBUG - gestion_archivos: Archivo 'C:\AppServ\www\AnalizadorDeProyecto\listado_2024-01-11_17-17-00.txt' leído exitosamente.
2024-01-11 17:17:00,618 - INFO - gestion_archivos: El contenido del archivo 'C:\AppServ\www\AnalizadorDeProyecto\listado_2024-01-11_17-17-00.txt' ha sido copiado al portapapeles.
2024-01-11 17:17:00,623 - WARNING - main: No se generó ningún archivo.
2024-01-11 17:17:00,630 - INFO - manipulacion_archivos: Iniciando listado de archivos en la ruta: C:\AppServ\www\AnalizadorDeProyecto
2024-01-11 17:17:00,670 - INFO - manipulacion_archivos: Listado de archivos completo. Total de archivos encontrados: 14
2024-01-11 17:17:00,676 - DEBUG - gestion_archivos: Archivo 'prompt_mejora.txt' leído exitosamente.
2024-01-11 17:17:00,680 - INFO - salida_datos: Archivo de salida generado: C:\AppServ\www\AnalizadorDeProyecto\listado_2024-01-11_17-17-00.txt
2024-01-11 17:17:00,685 - DEBUG - gestion_archivos: Archivo 'C:\AppServ\www\AnalizadorDeProyecto\listado_2024-01-11_17-17-00.txt' leído exitosamente.
2024-01-11 17:17:00,696 - INFO - gestion_archivos: El contenido del archivo 'C:\AppServ\www\AnalizadorDeProyecto\listado_2024-01-11_17-17-00.txt' ha sido copiado al portapapeles.
2024-01-11 17:17:00,700 - WARNING - main: No se generó ningún archivo.
2024-01-11 17:17:00,708 - INFO - manipulacion_archivos: Iniciando listado de archivos en la ruta: C:\AppServ\www\AnalizadorDeProyecto
2024-01-11 17:17:00,744 - INFO - manipulacion_archivos: Listado de archivos completo. Total de archivos encontrados: 14
2024-01-11 17:17:00,748 - DEBUG - gestion_archivos: Archivo 'prompt_mejora.txt' leído exitosamente.
2024-01-11 17:17:00,750 - INFO - salida_datos: Archivo de salida generado: C:\AppServ\www\AnalizadorDeProyecto\listado_2024-01-11_17-17-00.txt
2024-01-11 17:17:00,759 - DEBUG - gestion_archivos: Archivo 'C:\AppServ\www\AnalizadorDeProyecto\listado_2024-01-11_17-17-00.txt' leído exitosamente.
2024-01-11 17:17:00,768 - INFO - gestion_archivos: El contenido del archivo 'C:\AppServ\www\AnalizadorDeProyecto\listado_2024-01-11_17-17-00.txt' ha sido copiado al portapapeles.
2024-01-11 17:17:00,773 - WARNING - main: No se generó ningún archivo.
2024-01-11 17:17:00,782 - INFO - manipulacion_archivos: Iniciando listado de archivos en la ruta: C:\AppServ\www\AnalizadorDeProyecto
2024-01-11 17:17:00,823 - INFO - manipulacion_archivos: Listado de archivos completo. Total de archivos encontrados: 14
2024-01-11 17:17:00,829 - DEBUG - gestion_archivos: Archivo 'prompt_mejora.txt' leído exitosamente.
2024-01-11 17:17:00,832 - INFO - salida_datos: Archivo de salida generado: C:\AppServ\www\AnalizadorDeProyecto\listado_2024-01-11_17-17-00.txt
2024-01-11 17:17:00,839 - DEBUG - gestion_archivos: Archivo 'C:\AppServ\www\AnalizadorDeProyecto\listado_2024-01-11_17-17-00.txt' leído exitosamente.
2024-01-11 17:17:00,850 - INFO - gestion_archivos: El contenido del archivo 'C:\AppServ\www\AnalizadorDeProyecto\listado_2024-01-11_17-17-00.txt' ha sido copiado al portapapeles.
2024-01-11 17:17:00,858 - WARNING - main: No se generó ningún archivo.
2024-01-11 17:17:00,863 - INFO - manipulacion_archivos: Iniciando listado de archivos en la ruta: C:\AppServ\www\AnalizadorDeProyecto
2024-01-11 17:17:00,905 - INFO - manipulacion_archivos: Listado de archivos completo. Total de archivos encontrados: 14
2024-01-11 17:17:00,910 - DEBUG - gestion_archivos: Archivo 'prompt_mejora.txt' leído exitosamente.
2024-01-11 17:17:00,913 - INFO - salida_datos: Archivo de salida generado: C:\AppServ\www\AnalizadorDeProyecto\listado_2024-01-11_17-17-00.txt
2024-01-11 17:17:00,918 - DEBUG - gestion_archivos: Archivo 'C:\AppServ\www\AnalizadorDeProyecto\listado_2024-01-11_17-17-00.txt' leído exitosamente.
2024-01-11 17:17:00,929 - INFO - gestion_archivos: El contenido del archivo 'C:\AppServ\www\AnalizadorDeProyecto\listado_2024-01-11_17-17-00.txt' ha sido copiado al portapapeles.
2024-01-11 17:17:00,933 - WARNING - main: No se generó ningún archivo.
2024-01-11 17:17:00,941 - INFO - manipulacion_archivos: Iniciando listado de archivos en la ruta: C:\AppServ\www\AnalizadorDeProyecto
2024-01-11 17:17:00,981 - INFO - manipulacion_archivos: Listado de archivos completo. Total de archivos encontrados: 14
2024-01-11 17:17:00,985 - DEBUG - gestion_archivos: Archivo 'prompt_mejora.txt' leído exitosamente.
2024-01-11 17:17:00,987 - INFO - salida_datos: Archivo de salida generado: C:\AppServ\www\AnalizadorDeProyecto\listado_2024-01-11_17-17-00.txt
2024-01-11 17:17:00,996 - DEBUG - gestion_archivos: Archivo 'C:\AppServ\www\AnalizadorDeProyecto\listado_2024-01-11_17-17-00.txt' leído exitosamente.
2024-01-11 17:17:01,008 - INFO - gestion_archivos: El contenido del archivo 'C:\AppServ\www\AnalizadorDeProyecto\listado_2024-01-11_17-17-00.txt' ha sido copiado al portapapeles.
2024-01-11 17:17:01,013 - WARNING - main: No se generó ningún archivo.
2024-01-11 17:17:01,021 - INFO - manipulacion_archivos: Iniciando listado de archivos en la ruta: C:\AppServ\www\AnalizadorDeProyecto
2024-01-11 17:17:01,061 - INFO - manipulacion_archivos: Listado de archivos completo. Total de archivos encontrados: 14
2024-01-11 17:17:01,066 - DEBUG - gestion_archivos: Archivo 'prompt_mejora.txt' leído exitosamente.
2024-01-11 17:17:01,069 - INFO - salida_datos: Archivo de salida generado: C:\AppServ\www\AnalizadorDeProyecto\listado_2024-01-11_17-17-01.txt
2024-01-11 17:17:01,083 - DEBUG - gestion_archivos: Archivo 'C:\AppServ\www\AnalizadorDeProyecto\listado_2024-01-11_17-17-01.txt' leído exitosamente.
2024-01-11 17:17:01,095 - INFO - gestion_archivos: El contenido del archivo 'C:\AppServ\www\AnalizadorDeProyecto\listado_2024-01-11_17-17-01.txt' ha sido copiado al portapapeles.
2024-01-11 17:17:01,100 - WARNING - main: No se generó ningún archivo.
2024-01-11 17:17:01,110 - INFO - manipulacion_archivos: Iniciando listado de archivos en la ruta: C:\AppServ\www\AnalizadorDeProyecto
2024-01-11 17:17:01,149 - INFO - manipulacion_archivos: Listado de archivos completo. Total de archivos encontrados: 15
2024-01-11 17:17:01,152 - DEBUG - gestion_archivos: Archivo 'prompt_mejora.txt' leído exitosamente.
2024-01-11 17:17:01,159 - INFO - salida_datos: Archivo de salida generado: C:\AppServ\www\AnalizadorDeProyecto\listado_2024-01-11_17-17-01.txt
2024-01-11 17:17:01,171 - DEBUG - gestion_archivos: Archivo 'C:\AppServ\www\AnalizadorDeProyecto\listado_2024-01-11_17-17-01.txt' leído exitosamente.
2024-01-11 17:17:01,183 - INFO - gestion_archivos: El contenido del archivo 'C:\AppServ\www\AnalizadorDeProyecto\listado_2024-01-11_17-17-01.txt' ha sido copiado al portapapeles.
2024-01-11 17:17:01,190 - WARNING - main: No se generó ningún archivo.
2024-01-11 17:17:01,197 - INFO - manipulacion_archivos: Iniciando listado de archivos en la ruta: C:\AppServ\www\AnalizadorDeProyecto
2024-01-11 17:17:01,241 - INFO - manipulacion_archivos: Listado de archivos completo. Total de archivos encontrados: 15
2024-01-11 17:17:01,246 - DEBUG - gestion_archivos: Archivo 'prompt_mejora.txt' leído exitosamente.
2024-01-11 17:17:01,249 - INFO - salida_datos: Archivo de salida generado: C:\AppServ\www\AnalizadorDeProyecto\listado_2024-01-11_17-17-01.txt
2024-01-11 17:17:01,256 - DEBUG - gestion_archivos: Archivo 'C:\AppServ\www\AnalizadorDeProyecto\listado_2024-01-11_17-17-01.txt' leído exitosamente.
2024-01-11 17:17:01,268 - INFO - gestion_archivos: El contenido del archivo 'C:\AppServ\www\AnalizadorDeProyecto\listado_2024-01-11_17-17-01.txt' ha sido copiado al portapapeles.
2024-01-11 17:17:01,276 - WARNING - main: No se generó ningún archivo.
2024-01-11 17:17:01,282 - INFO - manipulacion_archivos: Iniciando listado de archivos en la ruta: C:\AppServ\www\AnalizadorDeProyecto
2024-01-11 17:17:01,345 - INFO - manipulacion_archivos: Listado de archivos completo. Total de archivos encontrados: 15
2024-01-11 17:17:01,351 - DEBUG - gestion_archivos: Archivo 'prompt_mejora.txt' leído exitosamente.
2024-01-11 17:17:01,353 - INFO - salida_datos: Archivo de salida generado: C:\AppServ\www\AnalizadorDeProyecto\listado_2024-01-11_17-17-01.txt
2024-01-11 17:17:01,360 - DEBUG - gestion_archivos: Archivo 'C:\AppServ\www\AnalizadorDeProyecto\listado_2024-01-11_17-17-01.txt' leído exitosamente.
2024-01-11 17:17:01,369 - INFO - gestion_archivos: El contenido del archivo 'C:\AppServ\www\AnalizadorDeProyecto\listado_2024-01-11_17-17-01.txt' ha sido copiado al portapapeles.
2024-01-11 17:17:01,375 - WARNING - main: No se generó ningún archivo.
2024-01-11 17:17:01,382 - INFO - manipulacion_archivos: Iniciando listado de archivos en la ruta: C:\AppServ\www\AnalizadorDeProyecto
2024-01-11 17:17:01,430 - INFO - manipulacion_archivos: Listado de archivos completo. Total de archivos encontrados: 15
2024-01-11 17:17:01,436 - DEBUG - gestion_archivos: Archivo 'prompt_mejora.txt' leído exitosamente.
2024-01-11 17:17:01,443 - INFO - salida_datos: Archivo de salida generado: C:\AppServ\www\AnalizadorDeProyecto\listado_2024-01-11_17-17-01.txt
2024-01-11 17:17:01,451 - DEBUG - gestion_archivos: Archivo 'C:\AppServ\www\AnalizadorDeProyecto\listado_2024-01-11_17-17-01.txt' leído exitosamente.
2024-01-11 17:17:01,461 - INFO - gestion_archivos: El contenido del archivo 'C:\AppServ\www\AnalizadorDeProyecto\listado_2024-01-11_17-17-01.txt' ha sido copiado al portapapeles.
2024-01-11 17:17:01,468 - WARNING - main: No se generó ningún archivo.
2024-01-11 17:17:01,480 - INFO - manipulacion_archivos: Iniciando listado de archivos en la ruta: C:\AppServ\www\AnalizadorDeProyecto
2024-01-11 17:17:01,525 - INFO - manipulacion_archivos: Listado de archivos completo. Total de archivos encontrados: 15
2024-01-11 17:17:01,545 - DEBUG - gestion_archivos: Archivo 'prompt_mejora.txt' leído exitosamente.
2024-01-11 17:17:01,548 - INFO - salida_datos: Archivo de salida generado: C:\AppServ\www\AnalizadorDeProyecto\listado_2024-01-11_17-17-01.txt
2024-01-11 17:17:01,552 - DEBUG - gestion_archivos: Archivo 'C:\AppServ\www\AnalizadorDeProyecto\listado_2024-01-11_17-17-01.txt' leído exitosamente.
2024-01-11 17:17:01,563 - INFO - gestion_archivos: El contenido del archivo 'C:\AppServ\www\AnalizadorDeProyecto\listado_2024-01-11_17-17-01.txt' ha sido copiado al portapapeles.
2024-01-11 17:17:01,568 - WARNING - main: No se generó ningún archivo.
2024-01-11 17:17:01,576 - INFO - manipulacion_archivos: Iniciando listado de archivos en la ruta: C:\AppServ\www\AnalizadorDeProyecto
2024-01-11 17:17:01,617 - INFO - manipulacion_archivos: Listado de archivos completo. Total de archivos encontrados: 15
2024-01-11 17:17:01,620 - DEBUG - gestion_archivos: Archivo 'prompt_mejora.txt' leído exitosamente.
2024-01-11 17:17:01,625 - INFO - salida_datos: Archivo de salida generado: C:\AppServ\www\AnalizadorDeProyecto\listado_2024-01-11_17-17-01.txt
2024-01-11 17:17:01,631 - DEBUG - gestion_archivos: Archivo 'C:\AppServ\www\AnalizadorDeProyecto\listado_2024-01-11_17-17-01.txt' leído exitosamente.
2024-01-11 17:17:01,641 - INFO - gestion_archivos: El contenido del archivo 'C:\AppServ\www\AnalizadorDeProyecto\listado_2024-01-11_17-17-01.txt' ha sido copiado al portapapeles.
2024-01-11 17:17:01,646 - WARNING - main: No se generó ningún archivo.
2024-01-11 17:17:01,653 - INFO - manipulacion_archivos: Iniciando listado de archivos en la ruta: C:\AppServ\www\AnalizadorDeProyecto
2024-01-11 17:17:01,694 - INFO - manipulacion_archivos: Listado de archivos completo. Total de archivos encontrados: 15
2024-01-11 17:17:01,699 - DEBUG - gestion_archivos: Archivo 'prompt_mejora.txt' leído exitosamente.
2024-01-11 17:17:01,701 - INFO - salida_datos: Archivo de salida generado: C:\AppServ\www\AnalizadorDeProyecto\listado_2024-01-11_17-17-01.txt
2024-01-11 17:17:01,709 - DEBUG - gestion_archivos: Archivo 'C:\AppServ\www\AnalizadorDeProyecto\listado_2024-01-11_17-17-01.txt' leído exitosamente.
2024-01-11 17:17:01,718 - INFO - gestion_archivos: El contenido del archivo 'C:\AppServ\www\AnalizadorDeProyecto\listado_2024-01-11_17-17-01.txt' ha sido copiado al portapapeles.
2024-01-11 17:17:01,725 - WARNING - main: No se generó ningún archivo.
2024-01-11 17:17:01,731 - INFO - manipulacion_archivos: Iniciando listado de archivos en la ruta: C:\AppServ\www\AnalizadorDeProyecto
2024-01-11 17:17:01,774 - INFO - manipulacion_archivos: Listado de archivos completo. Total de archivos encontrados: 15
2024-01-11 17:17:01,780 - DEBUG - gestion_archivos: Archivo 'prompt_mejora.txt' leído exitosamente.
2024-01-11 17:17:01,783 - INFO - salida_datos: Archivo de salida generado: C:\AppServ\www\AnalizadorDeProyecto\listado_2024-01-11_17-17-01.txt
2024-01-11 17:17:01,788 - DEBUG - gestion_archivos: Archivo 'C:\AppServ\www\AnalizadorDeProyecto\listado_2024-01-11_17-17-01.txt' leído exitosamente.
2024-01-11 17:17:01,797 - INFO - gestion_archivos: El contenido del archivo 'C:\AppServ\www\AnalizadorDeProyecto\listado_2024-01-11_17-17-01.txt' ha sido copiado al portapapeles.
2024-01-11 17:17:01,802 - WARNING - main: No se generó ningún archivo.
2024-01-11 17:17:01,814 - INFO - manipulacion_archivos: Iniciando listado de archivos en la ruta: C:\AppServ\www\AnalizadorDeProyecto
2024-01-11 17:17:01,864 - INFO - manipulacion_archivos: Listado de archivos completo. Total de archivos encontrados: 15
2024-01-11 17:17:01,869 - DEBUG - gestion_archivos: Archivo 'prompt_mejora.txt' leído exitosamente.
2024-01-11 17:17:01,875 - INFO - salida_datos: Archivo de salida generado: C:\AppServ\www\AnalizadorDeProyecto\listado_2024-01-11_17-17-01.txt
2024-01-11 17:17:01,887 - DEBUG - gestion_archivos: Archivo 'C:\AppServ\www\AnalizadorDeProyecto\listado_2024-01-11_17-17-01.txt' leído exitosamente.
2024-01-11 17:17:01,901 - INFO - gestion_archivos: El contenido del archivo 'C:\AppServ\www\AnalizadorDeProyecto\listado_2024-01-11_17-17-01.txt' ha sido copiado al portapapeles.
2024-01-11 17:17:01,912 - WARNING - main: No se generó ningún archivo.
2024-01-11 17:17:01,920 - INFO - manipulacion_archivos: Iniciando listado de archivos en la ruta: C:\AppServ\www\AnalizadorDeProyecto
2024-01-11 17:17:01,973 - INFO - manipulacion_archivos: Listado de archivos completo. Total de archivos encontrados: 15
2024-01-11 17:17:01,980 - DEBUG - gestion_archivos: Archivo 'prompt_mejora.txt' leído exitosamente.
2024-01-11 17:17:01,983 - INFO - salida_datos: Archivo de salida generado: C:\AppServ\www\AnalizadorDeProyecto\listado_2024-01-11_17-17-01.txt
2024-01-11 17:17:01,988 - DEBUG - gestion_archivos: Archivo 'C:\AppServ\www\AnalizadorDeProyecto\listado_2024-01-11_17-17-01.txt' leído exitosamente.
2024-01-11 17:17:01,999 - INFO - gestion_archivos: El contenido del archivo 'C:\AppServ\www\AnalizadorDeProyecto\listado_2024-01-11_17-17-01.txt' ha sido copiado al portapapeles.
2024-01-11 17:17:02,005 - WARNING - main: No se generó ningún archivo.
2024-01-11 17:17:02,013 - INFO - manipulacion_archivos: Iniciando listado de archivos en la ruta: C:\AppServ\www\AnalizadorDeProyecto
2024-01-11 17:17:02,059 - INFO - manipulacion_archivos: Listado de archivos completo. Total de archivos encontrados: 15
2024-01-11 17:17:02,065 - DEBUG - gestion_archivos: Archivo 'prompt_mejora.txt' leído exitosamente.
2024-01-11 17:17:02,068 - INFO - salida_datos: Archivo de salida generado: C:\AppServ\www\AnalizadorDeProyecto\listado_2024-01-11_17-17-02.txt
2024-01-11 17:17:02,083 - DEBUG - gestion_archivos: Archivo 'C:\AppServ\www\AnalizadorDeProyecto\listado_2024-01-11_17-17-02.txt' leído exitosamente.
2024-01-11 17:17:02,092 - INFO - gestion_archivos: El contenido del archivo 'C:\AppServ\www\AnalizadorDeProyecto\listado_2024-01-11_17-17-02.txt' ha sido copiado al portapapeles.
2024-01-11 17:17:02,098 - WARNING - main: No se generó ningún archivo.
2024-01-11 17:17:02,104 - INFO - manipulacion_archivos: Iniciando listado de archivos en la ruta: C:\AppServ\www\AnalizadorDeProyecto
2024-01-11 17:17:02,142 - INFO - manipulacion_archivos: Listado de archivos completo. Total de archivos encontrados: 16
2024-01-11 17:17:02,147 - DEBUG - gestion_archivos: Archivo 'prompt_mejora.txt' leído exitosamente.
2024-01-11 17:17:02,149 - INFO - salida_datos: Archivo de salida generado: C:\AppServ\www\AnalizadorDeProyecto\listado_2024-01-11_17-17-02.txt
2024-01-11 17:17:02,163 - DEBUG - gestion_archivos: Archivo 'C:\AppServ\www\AnalizadorDeProyecto\listado_2024-01-11_17-17-02.txt' leído exitosamente.
2024-01-11 17:17:02,175 - INFO - gestion_archivos: El contenido del archivo 'C:\AppServ\www\AnalizadorDeProyecto\listado_2024-01-11_17-17-02.txt' ha sido copiado al portapapeles.
2024-01-11 17:17:02,219 - WARNING - main: No se generó ningún archivo.
2024-01-11 17:17:02,226 - INFO - manipulacion_archivos: Iniciando listado de archivos en la ruta: C:\AppServ\www\AnalizadorDeProyecto
2024-01-11 17:17:02,256 - INFO - manipulacion_archivos: Listado de archivos completo. Total de archivos encontrados: 16
2024-01-11 17:17:02,260 - DEBUG - gestion_archivos: Archivo 'prompt_mejora.txt' leído exitosamente.
2024-01-11 17:17:02,263 - INFO - salida_datos: Archivo de salida generado: C:\AppServ\www\AnalizadorDeProyecto\listado_2024-01-11_17-17-02.txt
2024-01-11 17:17:02,267 - DEBUG - gestion_archivos: Archivo 'C:\AppServ\www\AnalizadorDeProyecto\listado_2024-01-11_17-17-02.txt' leído exitosamente.
2024-01-11 17:17:02,275 - INFO - gestion_archivos: El contenido del archivo 'C:\AppServ\www\AnalizadorDeProyecto\listado_2024-01-11_17-17-02.txt' ha sido copiado al portapapeles.
2024-01-11 17:17:02,280 - WARNING - main: No se generó ningún archivo.
2024-01-11 17:17:02,287 - INFO - manipulacion_archivos: Iniciando listado de archivos en la ruta: C:\AppServ\www\AnalizadorDeProyecto
2024-01-11 17:17:02,324 - INFO - manipulacion_archivos: Listado de archivos completo. Total de archivos encontrados: 16
2024-01-11 17:17:02,329 - DEBUG - gestion_archivos: Archivo 'prompt_mejora.txt' leído exitosamente.
2024-01-11 17:17:02,331 - INFO - salida_datos: Archivo de salida generado: C:\AppServ\www\AnalizadorDeProyecto\listado_2024-01-11_17-17-02.txt
2024-01-11 17:17:02,336 - DEBUG - gestion_archivos: Archivo 'C:\AppServ\www\AnalizadorDeProyecto\listado_2024-01-11_17-17-02.txt' leído exitosamente.
2024-01-11 17:17:02,345 - INFO - gestion_archivos: El contenido del archivo 'C:\AppServ\www\AnalizadorDeProyecto\listado_2024-01-11_17-17-02.txt' ha sido copiado al portapapeles.
2024-01-11 17:17:02,349 - WARNING - main: No se generó ningún archivo.
2024-01-11 17:17:02,353 - INFO - manipulacion_archivos: Iniciando listado de archivos en la ruta: C:\AppServ\www\AnalizadorDeProyecto
2024-01-11 17:17:02,388 - INFO - manipulacion_archivos: Listado de archivos completo. Total de archivos encontrados: 16
2024-01-11 17:17:02,395 - DEBUG - gestion_archivos: Archivo 'prompt_mejora.txt' leído exitosamente.
2024-01-11 17:17:02,400 - INFO - salida_datos: Archivo de salida generado: C:\AppServ\www\AnalizadorDeProyecto\listado_2024-01-11_17-17-02.txt
2024-01-11 17:17:02,406 - DEBUG - gestion_archivos: Archivo 'C:\AppServ\www\AnalizadorDeProyecto\listado_2024-01-11_17-17-02.txt' leído exitosamente.
2024-01-11 17:17:02,418 - INFO - gestion_archivos: El contenido del archivo 'C:\AppServ\www\AnalizadorDeProyecto\listado_2024-01-11_17-17-02.txt' ha sido copiado al portapapeles.
2024-01-11 17:17:02,423 - WARNING - main: No se generó ningún archivo.
2024-01-11 17:17:02,432 - INFO - manipulacion_archivos: Iniciando listado de archivos en la ruta: C:\AppServ\www\AnalizadorDeProyecto
2024-01-11 17:17:02,478 - INFO - manipulacion_archivos: Listado de archivos completo. Total de archivos encontrados: 16
2024-01-11 17:17:02,483 - DEBUG - gestion_archivos: Archivo 'prompt_mejora.txt' leído exitosamente.
2024-01-11 17:17:02,486 - INFO - salida_datos: Archivo de salida generado: C:\AppServ\www\AnalizadorDeProyecto\listado_2024-01-11_17-17-02.txt
2024-01-11 17:17:02,492 - DEBUG - gestion_archivos: Archivo 'C:\AppServ\www\AnalizadorDeProyecto\listado_2024-01-11_17-17-02.txt' leído exitosamente.
2024-01-11 17:17:02,500 - INFO - gestion_archivos: El contenido del archivo 'C:\AppServ\www\AnalizadorDeProyecto\listado_2024-01-11_17-17-02.txt' ha sido copiado al portapapeles.
2024-01-11 17:17:02,503 - WARNING - main: No se generó ningún archivo.
2024-01-11 17:17:02,512 - INFO - manipulacion_archivos: Iniciando listado de archivos en la ruta: C:\AppServ\www\AnalizadorDeProyecto
2024-01-11 17:17:02,547 - INFO - manipulacion_archivos: Listado de archivos completo. Total de archivos encontrados: 16
2024-01-11 17:17:02,550 - DEBUG - gestion_archivos: Archivo 'prompt_mejora.txt' leído exitosamente.
2024-01-11 17:17:02,552 - INFO - salida_datos: Archivo de salida generado: C:\AppServ\www\AnalizadorDeProyecto\listado_2024-01-11_17-17-02.txt
2024-01-11 17:17:02,560 - DEBUG - gestion_archivos: Archivo 'C:\AppServ\www\AnalizadorDeProyecto\listado_2024-01-11_17-17-02.txt' leído exitosamente.
2024-01-11 17:17:02,568 - INFO - gestion_archivos: El contenido del archivo 'C:\AppServ\www\AnalizadorDeProyecto\listado_2024-01-11_17-17-02.txt' ha sido copiado al portapapeles.
2024-01-11 17:17:02,574 - WARNING - main: No se generó ningún archivo.
2024-01-11 17:17:02,580 - INFO - manipulacion_archivos: Iniciando listado de archivos en la ruta: C:\AppServ\www\AnalizadorDeProyecto
2024-01-11 17:17:02,613 - INFO - manipulacion_archivos: Listado de archivos completo. Total de archivos encontrados: 16
2024-01-11 17:17:02,617 - DEBUG - gestion_archivos: Archivo 'prompt_mejora.txt' leído exitosamente.
2024-01-11 17:17:02,619 - INFO - salida_datos: Archivo de salida generado: C:\AppServ\www\AnalizadorDeProyecto\listado_2024-01-11_17-17-02.txt
2024-01-11 17:17:02,626 - DEBUG - gestion_archivos: Archivo 'C:\AppServ\www\AnalizadorDeProyecto\listado_2024-01-11_17-17-02.txt' leído exitosamente.
2024-01-11 17:17:02,635 - INFO - gestion_archivos: El contenido del archivo 'C:\AppServ\www\AnalizadorDeProyecto\listado_2024-01-11_17-17-02.txt' ha sido copiado al portapapeles.
2024-01-11 17:17:02,639 - WARNING - main: No se generó ningún archivo.
2024-01-11 17:17:02,646 - INFO - manipulacion_archivos: Iniciando listado de archivos en la ruta: C:\AppServ\www\AnalizadorDeProyecto
2024-01-11 17:17:02,680 - INFO - manipulacion_archivos: Listado de archivos completo. Total de archivos encontrados: 16
2024-01-11 17:17:02,683 - DEBUG - gestion_archivos: Archivo 'prompt_mejora.txt' leído exitosamente.
2024-01-11 17:17:02,686 - INFO - salida_datos: Archivo de salida generado: C:\AppServ\www\AnalizadorDeProyecto\listado_2024-01-11_17-17-02.txt
2024-01-11 17:17:02,692 - DEBUG - gestion_archivos: Archivo 'C:\AppServ\www\AnalizadorDeProyecto\listado_2024-01-11_17-17-02.txt' leído exitosamente.
2024-01-11 17:17:02,701 - INFO - gestion_archivos: El contenido del archivo 'C:\AppServ\www\AnalizadorDeProyecto\listado_2024-01-11_17-17-02.txt' ha sido copiado al portapapeles.
2024-01-11 17:17:02,705 - WARNING - main: No se generó ningún archivo.
2024-01-11 17:17:02,711 - INFO - manipulacion_archivos: Iniciando listado de archivos en la ruta: C:\AppServ\www\AnalizadorDeProyecto
2024-01-11 17:17:02,785 - INFO - manipulacion_archivos: Listado de archivos completo. Total de archivos encontrados: 16
2024-01-11 17:17:02,799 - DEBUG - gestion_archivos: Archivo 'prompt_mejora.txt' leído exitosamente.
2024-01-11 17:17:02,801 - INFO - salida_datos: Archivo de salida generado: C:\AppServ\www\AnalizadorDeProyecto\listado_2024-01-11_17-17-02.txt
2024-01-11 17:17:02,806 - DEBUG - gestion_archivos: Archivo 'C:\AppServ\www\AnalizadorDeProyecto\listado_2024-01-11_17-17-02.txt' leído exitosamente.
2024-01-11 17:17:02,825 - INFO - gestion_archivos: El contenido del archivo 'C:\AppServ\www\AnalizadorDeProyecto\listado_2024-01-11_17-17-02.txt' ha sido copiado al portapapeles.
2024-01-11 17:17:02,832 - WARNING - main: No se generó ningún archivo.
2024-01-11 17:17:02,838 - INFO - manipulacion_archivos: Iniciando listado de archivos en la ruta: C:\AppServ\www\AnalizadorDeProyecto
2024-01-11 17:17:02,877 - INFO - manipulacion_archivos: Listado de archivos completo. Total de archivos encontrados: 16
2024-01-11 17:17:02,914 - DEBUG - gestion_archivos: Archivo 'prompt_mejora.txt' leído exitosamente.
2024-01-11 17:17:02,916 - INFO - salida_datos: Archivo de salida generado: C:\AppServ\www\AnalizadorDeProyecto\listado_2024-01-11_17-17-02.txt
2024-01-11 17:17:02,920 - DEBUG - gestion_archivos: Archivo 'C:\AppServ\www\AnalizadorDeProyecto\listado_2024-01-11_17-17-02.txt' leído exitosamente.
2024-01-11 17:17:02,929 - INFO - gestion_archivos: El contenido del archivo 'C:\AppServ\www\AnalizadorDeProyecto\listado_2024-01-11_17-17-02.txt' ha sido copiado al portapapeles.
2024-01-11 17:17:02,934 - WARNING - main: No se generó ningún archivo.
2024-01-11 17:17:02,938 - INFO - manipulacion_archivos: Iniciando listado de archivos en la ruta: C:\AppServ\www\AnalizadorDeProyecto
2024-01-11 17:17:02,976 - INFO - manipulacion_archivos: Listado de archivos completo. Total de archivos encontrados: 16
2024-01-11 17:17:02,980 - DEBUG - gestion_archivos: Archivo 'prompt_mejora.txt' leído exitosamente.
2024-01-11 17:17:02,983 - INFO - salida_datos: Archivo de salida generado: C:\AppServ\www\AnalizadorDeProyecto\listado_2024-01-11_17-17-02.txt
2024-01-11 17:17:02,989 - DEBUG - gestion_archivos: Archivo 'C:\AppServ\www\AnalizadorDeProyecto\listado_2024-01-11_17-17-02.txt' leído exitosamente.
2024-01-11 17:17:02,999 - INFO - gestion_archivos: El contenido del archivo 'C:\AppServ\www\AnalizadorDeProyecto\listado_2024-01-11_17-17-02.txt' ha sido copiado al portapapeles.
2024-01-11 17:17:03,005 - WARNING - main: No se generó ningún archivo.
2024-01-11 17:17:03,012 - INFO - manipulacion_archivos: Iniciando listado de archivos en la ruta: C:\AppServ\www\AnalizadorDeProyecto
2024-01-11 17:17:03,049 - INFO - manipulacion_archivos: Listado de archivos completo. Total de archivos encontrados: 16
2024-01-11 17:17:03,053 - DEBUG - gestion_archivos: Archivo 'prompt_mejora.txt' leído exitosamente.
2024-01-11 17:17:03,055 - INFO - salida_datos: Archivo de salida generado: C:\AppServ\www\AnalizadorDeProyecto\listado_2024-01-11_17-17-03.txt
2024-01-11 17:17:03,068 - DEBUG - gestion_archivos: Archivo 'C:\AppServ\www\AnalizadorDeProyecto\listado_2024-01-11_17-17-03.txt' leído exitosamente.
2024-01-11 17:17:03,078 - INFO - gestion_archivos: El contenido del archivo 'C:\AppServ\www\AnalizadorDeProyecto\listado_2024-01-11_17-17-03.txt' ha sido copiado al portapapeles.
2024-01-11 17:17:03,082 - WARNING - main: No se generó ningún archivo.
2024-01-11 17:17:03,086 - INFO - manipulacion_archivos: Iniciando listado de archivos en la ruta: C:\AppServ\www\AnalizadorDeProyecto
2024-01-11 17:17:03,124 - INFO - manipulacion_archivos: Listado de archivos completo. Total de archivos encontrados: 17
2024-01-11 17:17:03,128 - DEBUG - gestion_archivos: Archivo 'prompt_mejora.txt' leído exitosamente.
2024-01-11 17:17:03,130 - INFO - salida_datos: Archivo de salida generado: C:\AppServ\www\AnalizadorDeProyecto\listado_2024-01-11_17-17-03.txt
2024-01-11 17:17:03,139 - DEBUG - gestion_archivos: Archivo 'C:\AppServ\www\AnalizadorDeProyecto\listado_2024-01-11_17-17-03.txt' leído exitosamente.
2024-01-11 17:17:03,147 - INFO - gestion_archivos: El contenido del archivo 'C:\AppServ\www\AnalizadorDeProyecto\listado_2024-01-11_17-17-03.txt' ha sido copiado al portapapeles.
2024-01-11 17:17:03,151 - WARNING - main: No se generó ningún archivo.
2024-01-11 17:17:03,157 - INFO - manipulacion_archivos: Iniciando listado de archivos en la ruta: C:\AppServ\www\AnalizadorDeProyecto
2024-01-11 17:17:03,192 - INFO - manipulacion_archivos: Listado de archivos completo. Total de archivos encontrados: 17
2024-01-11 17:17:03,197 - DEBUG - gestion_archivos: Archivo 'prompt_mejora.txt' leído exitosamente.
2024-01-11 17:17:03,199 - INFO - salida_datos: Archivo de salida generado: C:\AppServ\www\AnalizadorDeProyecto\listado_2024-01-11_17-17-03.txt
2024-01-11 17:17:03,203 - DEBUG - gestion_archivos: Archivo 'C:\AppServ\www\AnalizadorDeProyecto\listado_2024-01-11_17-17-03.txt' leído exitosamente.
2024-01-11 17:17:03,211 - INFO - gestion_archivos: El contenido del archivo 'C:\AppServ\www\AnalizadorDeProyecto\listado_2024-01-11_17-17-03.txt' ha sido copiado al portapapeles.
2024-01-11 17:17:03,216 - WARNING - main: No se generó ningún archivo.
2024-01-11 17:17:03,220 - INFO - manipulacion_archivos: Iniciando listado de archivos en la ruta: C:\AppServ\www\AnalizadorDeProyecto
2024-01-11 17:17:03,253 - INFO - manipulacion_archivos: Listado de archivos completo. Total de archivos encontrados: 17
2024-01-11 17:17:03,256 - DEBUG - gestion_archivos: Archivo 'prompt_mejora.txt' leído exitosamente.
2024-01-11 17:17:03,259 - INFO - salida_datos: Archivo de salida generado: C:\AppServ\www\AnalizadorDeProyecto\listado_2024-01-11_17-17-03.txt
2024-01-11 17:17:03,264 - DEBUG - gestion_archivos: Archivo 'C:\AppServ\www\AnalizadorDeProyecto\listado_2024-01-11_17-17-03.txt' leído exitosamente.
2024-01-11 17:17:03,270 - INFO - gestion_archivos: El contenido del archivo 'C:\AppServ\www\AnalizadorDeProyecto\listado_2024-01-11_17-17-03.txt' ha sido copiado al portapapeles.
2024-01-11 17:17:03,276 - WARNING - main: No se generó ningún archivo.
2024-01-11 17:17:03,282 - INFO - manipulacion_archivos: Iniciando listado de archivos en la ruta: C:\AppServ\www\AnalizadorDeProyecto
2024-01-11 17:17:03,315 - INFO - manipulacion_archivos: Listado de archivos completo. Total de archivos encontrados: 17
2024-01-11 17:17:03,318 - DEBUG - gestion_archivos: Archivo 'prompt_mejora.txt' leído exitosamente.
2024-01-11 17:17:03,320 - INFO - salida_datos: Archivo de salida generado: C:\AppServ\www\AnalizadorDeProyecto\listado_2024-01-11_17-17-03.txt
2024-01-11 17:17:03,325 - DEBUG - gestion_archivos: Archivo 'C:\AppServ\www\AnalizadorDeProyecto\listado_2024-01-11_17-17-03.txt' leído exitosamente.
2024-01-11 17:17:03,333 - INFO - gestion_archivos: El contenido del archivo 'C:\AppServ\www\AnalizadorDeProyecto\listado_2024-01-11_17-17-03.txt' ha sido copiado al portapapeles.
2024-01-11 17:17:03,338 - WARNING - main: No se generó ningún archivo.
2024-01-11 17:17:03,347 - INFO - manipulacion_archivos: Iniciando listado de archivos en la ruta: C:\AppServ\www\AnalizadorDeProyecto
2024-01-11 17:17:03,381 - INFO - manipulacion_archivos: Listado de archivos completo. Total de archivos encontrados: 17
2024-01-11 17:17:03,385 - DEBUG - gestion_archivos: Archivo 'prompt_mejora.txt' leído exitosamente.
2024-01-11 17:17:03,389 - INFO - salida_datos: Archivo de salida generado: C:\AppServ\www\AnalizadorDeProyecto\listado_2024-01-11_17-17-03.txt
2024-01-11 17:17:03,397 - DEBUG - gestion_archivos: Archivo 'C:\AppServ\www\AnalizadorDeProyecto\listado_2024-01-11_17-17-03.txt' leído exitosamente.
2024-01-11 17:17:03,406 - INFO - gestion_archivos: El contenido del archivo 'C:\AppServ\www\AnalizadorDeProyecto\listado_2024-01-11_17-17-03.txt' ha sido copiado al portapapeles.
2024-01-11 17:17:03,412 - WARNING - main: No se generó ningún archivo.
2024-01-11 17:17:03,417 - INFO - manipulacion_archivos: Iniciando listado de archivos en la ruta: C:\AppServ\www\AnalizadorDeProyecto
